<?xml version="1.0" encoding="UTF-8"?>
<testsuite xmlns:xsi="http://www.w3.org/2001/XMLSchema-instance" xsi:noNamespaceSchemaLocation="https://maven.apache.org/surefire/maven-surefire-plugin/xsd/surefire-test-report.xsd" name="org.apache.beam.examples.complete.game.UserScoreTest" time="16.328" tests="4" errors="0" skipped="0" failures="0">
  <properties>
[...]
</properties>
  <testcase name="testUserScoreSums" classname="org.apache.beam.examples.complete.game.UserScoreTest" time="15.753"/>
  <testcase name="testTeamScoreSums" classname="org.apache.beam.examples.complete.game.UserScoreTest" time="15.89"/>
  <testcase name="testUserScoresBadInput" classname="org.apache.beam.examples.complete.game.UserScoreTest" time="15.346"/>
  <testcase name="testParseEventFn" classname="org.apache.beam.examples.complete.game.UserScoreTest" time="12.79"/>
</testsuite>